<?xml version="1.0" encoding="UTF-8"?>
<testsuite xmlns:xsi="http://www.w3.org/2001/XMLSchema-instance" xsi:noNamespaceSchemaLocation="https://maven.apache.org/surefire/maven-surefire-plugin/xsd/surefire-test-report-3.0.xsd" version="3.0" name="com.sprint.bookinventorymgmt.authormgmt.repository.AuthorRepositoryTest" time="16.827" tests="4" errors="0" skipped="0" failures="0">
  <properties>
[...]
</properties>
  <testcase name="customQuery_searchByLastName_returnsPartialMatches" classname="com.sprint.bookinventorymgmt.authormgmt.repository.AuthorRepositoryTest" time="1.758">
    <system-out><![CDATA[00:16:23.491 [main] INFO org.springframework.test.context.support.AnnotationConfigContextLoaderUtils -- Could not detect default configuration classes for test class [com.sprint.bookinventorymgmt.authormgmt.repository.AuthorRepositoryTest]: AuthorRepositoryTest does not declare any static, non-private, non-final, nested classes annotated with @Configuration.
00:16:24.346 [main] INFO org.springframework.boot.test.context.SpringBootTestContextBootstrapper -- Found @SpringBootConfiguration com.sprint.bookinventorymgmt.BookInventoryMgmtApplication for test class com.sprint.bookinventorymgmt.authormgmt.repository.AuthorRepositoryTest

  .   ____          _            __ _ _
 /\\ / ___'_ __ _ _(_)_ __  __ _ \ \ \ \
( ( )\___ | '_ | '_| | '_ \/ _` | \ \ \ \
 \\/  ___)| |_)| | | | | || (_| |  ) ) ) )
  '  |____| .__|_| |_|_| |_\__, | / / / /
 =========|_|==============|___/=/_/_/_/

 :: Spring Boot ::                (v3.3.5)

2026-04-27T00:16:25.181+05:30  INFO 5116 --- [           main] c.s.b.a.repository.AuthorRepositoryTest  : Starting AuthorRepositoryTest using Java 21.0.10 with PID 5116 (started by aparn in C:\Users\aparn\Downloads\BookInventoryMgmt\BookInventoryMgmt\backend)
2026-04-27T00:16:25.183+05:30  INFO 5116 --- [           main] c.s.b.a.repository.AuthorRepositoryTest  : No active profile set, falling back to 1 default profile: "default"
2026-04-27T00:16:27.051+05:30  INFO 5116 --- [           main] .s.d.r.c.RepositoryConfigurationDelegate : Bootstrapping Spring Data JPA repositories in DEFAULT mode.
2026-04-27T00:16:27.477+05:30  INFO 5116 --- [           main] .s.d.r.c.RepositoryConfigurationDelegate : Finished Spring Data repository scanning in 390 ms. Found 14 JPA repository interfaces.
2026-04-27T00:16:27.588+05:30  INFO 5116 --- [           main] beddedDataSourceBeanFactoryPostProcessor : Replacing 'dataSource' DataSource bean with embedded version
2026-04-27T00:16:27.904+05:30  INFO 5116 --- [           main] o.s.j.d.e.EmbeddedDatabaseFactory        : Starting embedded database: url='jdbc:h2:mem:fef2c6e7-3c45-4a9c-a86e-91671c88e061;DB_CLOSE_DELAY=-1;DB_CLOSE_ON_EXIT=false', username='sa'
2026-04-27T00:16:28.849+05:30  INFO 5116 --- [           main] o.hibernate.jpa.internal.util.LogHelper  : HHH000204: Processing PersistenceUnitInfo [name: default]
2026-04-27T00:16:29.106+05:30  INFO 5116 --- [           main] org.hibernate.Version                    : HHH000412: Hibernate ORM core version 6.5.3.Final
2026-04-27T00:16:29.329+05:30  INFO 5116 --- [           main] o.h.c.internal.RegionFactoryInitiator    : HHH000026: Second-level cache disabled
2026-04-27T00:16:30.420+05:30  INFO 5116 --- [           main] o.s.o.j.p.SpringPersistenceUnitInfo      : No LoadTimeWeaver setup: ignoring JPA class transformer
2026-04-27T00:16:30.616+05:30  WARN 5116 --- [           main] org.hibernate.orm.deprecation            : HHH90000025: H2Dialect does not need to be specified explicitly using 'hibernate.dialect' (remove the property setting and it will be selected by default)
2026-04-27T00:16:34.123+05:30  INFO 5116 --- [           main] o.h.e.t.j.p.i.JtaPlatformInitiator       : HHH000489: No JTA platform available (set 'hibernate.transaction.jta.platform' to enable JTA platform integration)
Hibernate: drop table if exists author cascade 
Hibernate: drop table if exists book cascade 
Hibernate: drop table if exists book_review cascade 
Hibernate: drop table if exists bookauthor cascade 
Hibernate: drop table if exists bookcondition cascade 
Hibernate: drop table if exists category cascade 
Hibernate: drop table if exists inventory cascade 
Hibernate: drop table if exists permrole cascade 
Hibernate: drop table if exists publisher cascade 
Hibernate: drop table if exists purchaselog cascade 
Hibernate: drop table if exists reviewer cascade 
Hibernate: drop table if exists shoppingcart cascade 
Hibernate: drop table if exists state cascade 
Hibernate: drop table if exists users cascade 
Hibernate: create table author (author_id integer generated by default as identity, first_name varchar(255) not null, last_name varchar(255) not null, photo varchar(255), primary key (author_id))
Hibernate: create table book (cat_id integer not null, publisher_id integer not null, description varchar(255), edition varchar(255) not null, isbn varchar(255) not null, title varchar(255) not null, primary key (isbn))
Hibernate: create table book_review (id integer generated by default as identity, rating integer not null check ((rating<=10) and (rating>=1)), reviewer_id integer not null, comments varchar(255), isbn varchar(255) not null, primary key (id))
Hibernate: create table bookauthor (author_id integer not null, isbn varchar(255) not null, primary_author varchar(255), primary key (author_id, isbn))
Hibernate: create table bookcondition (price float(53), ranks integer not null, description varchar(255), full_description varchar(255), primary key (ranks))
Hibernate: create table category (cat_id integer not null, cat_description varchar(100) not null, primary key (cat_id))
Hibernate: create table inventory (inventory_id integer generated by default as identity, purchased boolean, ranks integer not null, isbn varchar(255) not null, primary key (inventory_id))
Hibernate: create table permrole (role_number integer generated by default as identity, perm_role varchar(30) not null, primary key (role_number))
Hibernate: create table publisher (publisher_id integer not null, name varchar(100) not null, city varchar(255) not null, state_code varchar(255) not null, primary key (publisher_id))
Hibernate: create table purchaselog (inventory_id integer not null, user_id integer not null, primary key (inventory_id, user_id))
Hibernate: create table reviewer (reviewer_id integer generated by default as identity, employed_by varchar(255), name varchar(255) not null, primary key (reviewer_id))
Hibernate: create table shoppingcart (user_id integer not null, isbn varchar(255) not null, primary key (user_id, isbn))
Hibernate: create table state (state_code varchar(10) not null, state_name varchar(100) not null, primary key (state_code))
Hibernate: create table users (role_number integer, user_id integer generated by default as identity, first_name varchar(20) not null, phone_number varchar(20), last_name varchar(30) not null, user_name varchar(50) not null, password varchar(100) not null, primary key (user_id))
Hibernate: alter table if exists book add constraint FKcpa3bj39l5v3136txpissgppm foreign key (cat_id) references category
Hibernate: alter table if exists book add constraint FKgtvt7p649s4x80y6f4842pnfq foreign key (publisher_id) references publisher
Hibernate: alter table if exists bookauthor add constraint FKr6lll2h47ibxr6aek0gfef9ck foreign key (author_id) references author
Hibernate: alter table if exists bookauthor add constraint FKevtydvjmn60semt5dkdjopat8 foreign key (isbn) references book
Hibernate: alter table if exists publisher add constraint FKx9klsftlglgrr59dk6qkkpyn foreign key (state_code) references state
Hibernate: alter table if exists users add constraint FK8b50hgqbkx1yau1976ltav4sl foreign key (role_number) references permrole
2026-04-27T00:16:34.296+05:30  INFO 5116 --- [           main] j.LocalContainerEntityManagerFactoryBean : Initialized JPA EntityManagerFactory for persistence unit 'default'
2026-04-27T00:16:35.145+05:30  INFO 5116 --- [           main] o.s.d.j.r.query.QueryEnhancerFactory     : Hibernate is in classpath; If applicable, HQL parser will be used.
2026-04-27T00:16:37.862+05:30  INFO 5116 --- [           main] c.s.b.a.repository.AuthorRepositoryTest  : Started AuthorRepositoryTest in 13.32 seconds (process running for 16.741)
Hibernate: insert into author (first_name,last_name,photo,author_id) values (?,?,?,default)
Hibernate: insert into author (first_name,last_name,photo,author_id) values (?,?,?,default)
Hibernate: select a1_0.author_id,a1_0.first_name,a1_0.last_name,a1_0.photo from author a1_0 where lower(a1_0.last_name) like lower(('%'||?||'%')) escape ''
]]></system-out>
    <system-err><![CDATA[WARNING: A Java agent has been loaded dynamically (C:\Users\aparn\.m2\repository\net\bytebuddy\byte-buddy-agent\1.14.19\byte-buddy-agent-1.14.19.jar)
WARNING: If a serviceability tool is in use, please run with -XX:+EnableDynamicAgentLoading to hide this warning
WARNING: If a serviceability tool is not in use, please run with -Djdk.instrument.traceUsage for more information
WARNING: Dynamic loading of agents will be disallowed by default in a future release
]]></system-err>
  </testcase>
  <testcase name="customQuery_findByFirstNameAndLastName_returnsSingleAuthor" classname="com.sprint.bookinventorymgmt.authormgmt.repository.AuthorRepositoryTest" time="0.034">
    <system-out><![CDATA[Hibernate: insert into author (first_name,last_name,photo,author_id) values (?,?,?,default)
Hibernate: select a1_0.author_id,a1_0.first_name,a1_0.last_name,a1_0.photo from author a1_0 where a1_0.first_name=? and a1_0.last_name=?
]]></system-out>
  </testcase>
  <testcase name="customQuery_countAllAuthors_returnsPersistedCount" classname="com.sprint.bookinventorymgmt.authormgmt.repository.AuthorRepositoryTest" time="0.029">
    <system-out><![CDATA[Hibernate: insert into author (first_name,last_name,photo,author_id) values (?,?,?,default)
Hibernate: insert into author (first_name,last_name,photo,author_id) values (?,?,?,default)
Hibernate: select count(a1_0.author_id) from author a1_0
]]></system-out>
  </testcase>
  <testcase name="derivedQueries_findByFirstName_andLastName_returnMatches" classname="com.sprint.bookinventorymgmt.authormgmt.repository.AuthorRepositoryTest" time="0.049">
    <system-out><![CDATA[Hibernate: insert into author (first_name,last_name,photo,author_id) values (?,?,?,default)
Hibernate: insert into author (first_name,last_name,photo,author_id) values (?,?,?,default)
Hibernate: select a1_0.author_id,a1_0.first_name,a1_0.last_name,a1_0.photo from author a1_0 where a1_0.last_name=?
Hibernate: select a1_0.author_id,a1_0.first_name,a1_0.last_name,a1_0.photo from author a1_0 where a1_0.first_name=?
]]></system-out>
  </testcase>
</testsuite>